2023-07-19 15:30:24,458 DEBUG: This is a debug message: TEXT TEST abcd [in /home/jack/Desktop/Project/StoryMaker/MemMaker2:67]
2023-07-19 15:33:39,096 DEBUG: This is a debug message: TEXT TEST 12345 [in /home/jack/Desktop/Project/StoryMaker/MemMaker2:63]
2023-07-19 15:33:39,096 DEBUG: This is a debug message: TEXT TEST 6789 [in /home/jack/Desktop/Project/StoryMaker/MemMaker2:65]
2023-07-19 15:33:39,096 DEBUG: This is a debug message: TEXT TEST abcd [in /home/jack/Desktop/Project/StoryMaker/MemMaker2:67]
2023-07-19 15:35:17,946 DEBUG: This is a debug message: TEXT TEST 12345 [in /home/jack/Desktop/Project/StoryMaker/MemMaker2:63]
2023-07-19 15:35:17,946 DEBUG: This is a debug message: TEXT TEST 6789 [in /home/jack/Desktop/Project/StoryMaker/MemMaker2:65]
2023-07-19 15:35:17,947 DEBUG: This is a debug message: TEXT TEST abcd [in /home/jack/Desktop/Project/StoryMaker/MemMaker2:67]
2023-07-19 15:35:58,515 DEBUG: This is a debug message: TEXT TEST 12345 [in /home/jack/Desktop/Project/StoryMaker/MemMaker2:63]
2023-07-19 15:35:58,516 DEBUG: This is a debug message: TEXT TEST 6789 [in /home/jack/Desktop/Project/StoryMaker/MemMaker2:65]
2023-07-19 15:35:58,517 DEBUG: This is a debug message: TEXT TEST abcd [in /home/jack/Desktop/Project/StoryMaker/MemMaker2:67]
2023-07-19 15:36:33,153 DEBUG: This is a debug message: TEXT TEST 12345 [in /home/jack/Desktop/Project/StoryMaker/MemMaker2:63]
2023-07-19 15:36:33,153 DEBUG: This is a debug message: TEXT TEST 6789 [in /home/jack/Desktop/Project/StoryMaker/MemMaker2:65]
2023-07-19 15:36:33,153 DEBUG: This is a debug message: TEXT TEST abcd [in /home/jack/Desktop/Project/StoryMaker/MemMaker2:67]
2023-07-19 15:37:03,654 DEBUG: This is a debug message: TEXT TEST 12345 [in /home/jack/Desktop/Project/StoryMaker/MemMaker2:63]
2023-07-19 15:37:03,654 DEBUG: This is a debug message: TEXT TEST 6789 [in /home/jack/Desktop/Project/StoryMaker/MemMaker2:65]
2023-07-19 15:37:03,654 DEBUG: This is a debug message: TEXT TEST abcd [in /home/jack/Desktop/Project/StoryMaker/MemMaker2:67]
2023-07-19 15:37:48,722 DEBUG: This is a debug message: TEXT TEST 12345 [in /home/jack/Desktop/Project/StoryMaker/MemMaker2:63]
2023-07-19 15:37:48,723 DEBUG: This is a debug message: TEXT TEST 6789 [in /home/jack/Desktop/Project/StoryMaker/MemMaker2:65]
2023-07-19 15:37:48,723 DEBUG: This is a debug message: TEXT TEST abcd [in /home/jack/Desktop/Project/StoryMaker/MemMaker2:67]
2023-07-19 15:47:20,505 DEBUG: This is a debug message: TEXT TEST 12345 [in MemMaker2:63]
2023-07-19 15:47:20,505 DEBUG: This is a debug message: TEXT TEST 6789 [in MemMaker2:65]
2023-07-19 15:47:20,505 DEBUG: This is a debug message: TEXT TEST abcd [in MemMaker2:67]
2023-07-19 15:47:21,560 DEBUG: This is a debug message: TEXT TEST 12345 [in /home/jack/Desktop/StoryMaker/MemMaker2:63]
2023-07-19 15:47:21,560 DEBUG: This is a debug message: TEXT TEST 6789 [in /home/jack/Desktop/StoryMaker/MemMaker2:65]
2023-07-19 15:47:21,560 DEBUG: This is a debug message: TEXT TEST abcd [in /home/jack/Desktop/StoryMaker/MemMaker2:67]
2023-07-19 16:07:23,500 DEBUG: This is a debug message: TEXT TEST 12345 [in /home/jack/Desktop/StoryMaker/MemMaker2:63]
2023-07-19 16:07:23,500 DEBUG: This is a debug message: TEXT TEST 6789 [in /home/jack/Desktop/StoryMaker/MemMaker2:65]
2023-07-19 16:07:23,501 DEBUG: This is a debug message: TEXT TEST abcd [in /home/jack/Desktop/StoryMaker/MemMaker2:67]
2023-07-19 16:07:37,659 DEBUG: This is a debug message: TEXT TEST 12345 [in MemMaker2:63]
2023-07-19 16:07:37,659 DEBUG: This is a debug message: TEXT TEST 6789 [in MemMaker2:65]
2023-07-19 16:07:37,660 DEBUG: This is a debug message: TEXT TEST abcd [in MemMaker2:67]
2023-07-19 16:07:38,754 DEBUG: This is a debug message: TEXT TEST 12345 [in /home/jack/Desktop/StoryMaker/MemMaker2:63]
2023-07-19 16:07:38,755 DEBUG: This is a debug message: TEXT TEST 6789 [in /home/jack/Desktop/StoryMaker/MemMaker2:65]
2023-07-19 16:07:38,755 DEBUG: This is a debug message: TEXT TEST abcd [in /home/jack/Desktop/StoryMaker/MemMaker2:67]
2023-07-19 16:53:41,361 DEBUG: This is a debug message: TEXT TEST 12345 [in /home/jack/Desktop/StoryMaker/MemMaker2:60]
2023-07-19 16:53:41,362 DEBUG: This is a debug message: TEXT TEST 6789 [in /home/jack/Desktop/StoryMaker/MemMaker2:62]
2023-07-19 16:53:41,362 DEBUG: This is a debug message: TEXT TEST abcd [in /home/jack/Desktop/StoryMaker/MemMaker2:64]
2023-07-19 16:59:13,180 DEBUG: This is a debug message: TEXT TEST 12345 [in MemMaker2:60]
2023-07-19 16:59:13,180 DEBUG: This is a debug message: TEXT TEST 6789 [in MemMaker2:62]
2023-07-19 16:59:13,180 DEBUG: This is a debug message: TEXT TEST abcd [in MemMaker2:64]
2023-07-19 17:00:33,801 DEBUG: This is a debug message: TEXT TEST 12345 [in MemMaker2:60]
2023-07-19 17:00:33,802 DEBUG: This is a debug message: TEXT TEST 6789 [in MemMaker2:62]
2023-07-19 17:00:33,802 DEBUG: This is a debug message: TEXT TEST abcd [in MemMaker2:64]
2023-07-19 17:00:34,881 DEBUG: This is a debug message: TEXT TEST 12345 [in /home/jack/Desktop/StoryMaker/MemMaker2:60]
2023-07-19 17:00:34,881 DEBUG: This is a debug message: TEXT TEST 6789 [in /home/jack/Desktop/StoryMaker/MemMaker2:62]
2023-07-19 17:00:34,882 DEBUG: This is a debug message: TEXT TEST abcd [in /home/jack/Desktop/StoryMaker/MemMaker2:64]
